#
# There is insufficient memory for the Java Runtime Environment to continue.
# Native memory allocation (malloc) failed to allocate 1048576 bytes for AllocateHeap
# Possible reasons:
#   The system is out of physical RAM or swap space
#   In 32 bit mode, the process size limit was hit
# Possible solutions:
#   Reduce memory load on the system
#   Increase physical memory or swap space
#   Check if swap backing store is full
#   Use 64 bit Java on a 64 bit OS
#   Decrease Java heap size (-Xmx/-Xms)
#   Decrease number of Java threads
#   Decrease Java thread stack sizes (-Xss)
#   Set larger code cache with -XX:ReservedCodeCacheSize=
# This output file may be truncated or incomplete.
#
#  Out of Memory Error (memory/allocation.inline.hpp:61), pid=8932, tid=0x0000000000002be0
#
# JRE version:  (8.0_101-b13) (build )
# Java VM: Java HotSpot(TM) 64-Bit Server VM (25.101-b13 mixed mode windows-amd64 compressed oops)
# Failed to write core dump. Minidumps are not enabled by default on client versions of Windows
#

---------------  T H R E A D  ---------------

Current thread (0x000000000270d800):  JavaThread "Unknown thread" [_thread_in_vm, id=11232, stack(0x0000000002710000,0x0000000002810000)]

Stack: [0x0000000002710000,0x0000000002810000]
[error occurred during error reporting (printing stack bounds), id 0xc0000005]

Native frames: (J=compiled Java code, j=interpreted, Vv=VM code, C=native code)


---------------  P R O C E S S  ---------------

Java Threads: ( => current thread )

Other Threads:

=>0x000000000270d800 (exited) JavaThread "Unknown thread" [_thread_in_vm, id=11232, stack(0x0000000002710000,0x0000000002810000)]

VM state:not at safepoint (normal execution)

VM Mutex/Monitor currently owned by a thread: None

Heap:
 PSYoungGen      total 54784K, used 942K [0x00000000eab00000, 0x00000000ee800000, 0x0000000100000000)
  eden space 47104K, 2% used [0x00000000eab00000,0x00000000eabeb860,0x00000000ed900000)
  from space 7680K, 0% used [0x00000000ee080000,0x00000000ee080000,0x00000000ee800000)
  to   space 7680K, 0% used [0x00000000ed900000,0x00000000ed900000,0x00000000ee080000)
 ParOldGen       total 125952K, used 0K [0x00000000c0000000, 0x00000000c7b00000, 0x00000000eab00000)
  object space 125952K, 0% used [0x00000000c0000000,0x00000000c0000000,0x00000000c7b00000)
 Metaspace       used 783K, capacity 1092K, committed 1152K, reserved 1060864K
  class space    used 75K, capacity 384K, committed 384K, reserved 1048576K

Card table byte_map: [0x0000000011d30000,0x0000000011f40000] byte_map_base: 0x0000000011730000

Marking Bits: (ParMarkBitMap*) 0x000000005592a6d0
 Begin Bits: [0x00000000128a0000, 0x00000000138a0000)
 End Bits:   [0x00000000138a0000, 0x00000000148a0000)

Polling page: 0x0000000000c10000

CodeCache: size=245760Kb used=328Kb max_used=328Kb free=245431Kb
 bounds [0x0000000002970000, 0x0000000002be0000, 0x0000000011970000]
 total_blobs=58 nmethods=0 adapters=38
 compilation: enabled

Compilation events (0 events):
No events

GC Heap History (0 events):
No events

Deoptimization events (0 events):
No events

Internal exceptions (0 events):
No events

Events (10 events):
Event: 0.062 loading class java/lang/Short
Event: 0.062 loading class java/lang/Short done
Event: 0.062 loading class java/lang/Integer
Event: 0.062 loading class java/lang/Integer done
Event: 0.062 loading class java/lang/Long
Event: 0.062 loading class java/lang/Long done
Event: 0.064 loading class java/lang/NullPointerException
Event: 0.064 loading class java/lang/NullPointerException done
Event: 0.064 loading class java/lang/ArithmeticException
Event: 0.064 loading class java/lang/ArithmeticException done


Dynamic libraries:
0x00007ff74fa80000 - 0x00007ff74fab7000 	C:\Program Files\Java\jdk1.8.0_101\bin\java.exe
0x00007ff8efdf0000 - 0x00007ff8effb1000 	C:\WINDOWS\SYSTEM32\ntdll.dll
0x00007ff8ed360000 - 0x00007ff8ed40d000 	C:\WINDOWS\system32\KERNEL32.DLL
0x00007ff8ec8d0000 - 0x00007ff8ecab8000 	C:\WINDOWS\system32\KERNELBASE.dll
0x00007ff8ee060000 - 0x00007ff8ee107000 	C:\WINDOWS\system32\ADVAPI32.dll
0x00007ff8ed5c0000 - 0x00007ff8ed65d000 	C:\WINDOWS\system32\msvcrt.dll
0x00007ff8ede60000 - 0x00007ff8edebb000 	C:\WINDOWS\system32\sechost.dll
0x00007ff8eded0000 - 0x00007ff8edfec000 	C:\WINDOWS\system32\RPCRT4.dll
0x00007ff8ed1f0000 - 0x00007ff8ed346000 	C:\WINDOWS\system32\USER32.dll
0x00007ff8ed9e0000 - 0x00007ff8edb66000 	C:\WINDOWS\system32\GDI32.dll
0x00007ff8e7d70000 - 0x00007ff8e7fe4000 	C:\WINDOWS\WinSxS\amd64_microsoft.windows.common-controls_6595b64144ccf1df_6.0.10586.589_none_a2ddb3caa539acce\COMCTL32.dll
0x00007ff8efb30000 - 0x00007ff8efdad000 	C:\WINDOWS\system32\combase.dll
0x00007ff8ec700000 - 0x00007ff8ec76a000 	C:\WINDOWS\system32\bcryptPrimitives.dll
0x00007ff8efdb0000 - 0x00007ff8efdeb000 	C:\WINDOWS\system32\IMM32.DLL
0x00000000549b0000 - 0x0000000054a82000 	C:\Program Files\Java\jdk1.8.0_101\jre\bin\msvcr100.dll
0x0000000055110000 - 0x00000000559aa000 	C:\Program Files\Java\jdk1.8.0_101\jre\bin\server\jvm.dll
0x00007ff8edec0000 - 0x00007ff8edec8000 	C:\WINDOWS\system32\PSAPI.DLL
0x00007ff8c8200000 - 0x00007ff8c8209000 	C:\WINDOWS\SYSTEM32\WSOCK32.dll
0x00007ff8ea3a0000 - 0x00007ff8ea3c3000 	C:\WINDOWS\SYSTEM32\WINMM.dll
0x00007ff8efac0000 - 0x00007ff8efb2b000 	C:\WINDOWS\system32\WS2_32.dll
0x00007ff8e85a0000 - 0x00007ff8e85aa000 	C:\WINDOWS\SYSTEM32\VERSION.dll
0x00007ff8ea2d0000 - 0x00007ff8ea2fc000 	C:\WINDOWS\SYSTEM32\WINMMBASE.dll
0x00007ff8ec770000 - 0x00007ff8ec7b3000 	C:\WINDOWS\system32\cfgmgr32.dll
0x0000000055100000 - 0x000000005510f000 	C:\Program Files\Java\jdk1.8.0_101\jre\bin\verify.dll
0x00000000550d0000 - 0x00000000550f9000 	C:\Program Files\Java\jdk1.8.0_101\jre\bin\java.dll
0x00000000550b0000 - 0x00000000550c6000 	C:\Program Files\Java\jdk1.8.0_101\jre\bin\zip.dll

VM Arguments:
jvm_args: -Djava.awt.headless=true -Xmx1024M -Dfile.encoding=windows-1251 -Duser.country=RU -Duser.language=ru -Duser.variant 
java_command: com.android.dx.command.Main --dex --force-jumbo --num-threads=4 --multi-dex --output C:\Users\Roman\Desktop\Collections\app\build\intermediates\transforms\dex\debug\folders\1000\10\com.android.support-support-vector-drawable-24.2.0_ed720d49cb77c6bbe790fc60419579a5d8847430 C:\Users\Roman\Desktop\Collections\app\build\intermediates\exploded-aar\com.android.support\support-vector-drawable\24.2.0\jars\classes.jar
java_class_path (initial): C:\Users\Roman\AppData\Local\Android\sdk\build-tools\24.0.1\lib\dx.jar
Launcher Type: SUN_STANDARD

Environment Variables:
PATH=C:\ProgramData\Oracle\Java\javapath;C:\WINDOWS\system32;C:\WINDOWS;C:\WINDOWS\System32\Wbem;C:\WINDOWS\System32\WindowsPowerShell\v1.0\;C:\Program Files (x86)\Skype\Phone\;C:\Users\Roman\.dnx\bin;C:\Program Files\Microsoft DNX\Dnvm\;C:\Program Files (x86)\Windows Kits\8.1\Windows Performance Toolkit\;C:\Program Files\Microsoft SQL Server\120\Tools\Binn\;C:\Program Files\Microsoft SQL Server\130\Tools\Binn\;C:\Program Files\Git\cmd;C:\Program Files (x86)\NVIDIA Corporation\PhysX\Common;C:\Program Files\Condusiv Technologies\ExpressCache\;C:\Program Files (x86)\Brackets\command;C:\PROGRA~1\CONDUS~1\DISKEE~1\;C:\Program Files\Microsoft SQL Server\Client SDK\ODBC\110\Tools\Binn\;C:\Program Files (x86)\Microsoft SQL Server\120\Tools\Binn\;C:\Program Files\Microsoft SQL Server\120\DTS\Binn\;C:\Program Files (x86)\Microsoft SQL Server\110\DTS\Binn\;C:\Program Files (x86)\Microsoft SQL Server\120\DTS\Binn\;C:\Program Files (x86)\Microsoft SQL Server\130\DTS\Binn\;C:\Program Files (x86)\nodejs\;C:\Users\Roman\AppData\Roaming\npm
USERNAME=Roman
OS=Windows_NT
PROCESSOR_IDENTIFIER=Intel64 Family 6 Model 60 Stepping 3, GenuineIntel



---------------  S Y S T E M  ---------------

OS: Windows 10.0 , 64 bit Build 10586 (10.0.10586.589)

CPU:total 8 (4 cores per cpu, 2 threads per core) family 6 model 60 stepping 3, cmov, cx8, fxsr, mmx, sse, sse2, sse3, ssse3, sse4.1, sse4.2, popcnt, avx, avx2, aes, clmul, erms, lzcnt, ht, tsc, tscinvbit, bmi1, bmi2

Memory: 4k page, physical 12004284k(1147524k free), swap 12004284k(6020k free)

vm_info: Java HotSpot(TM) 64-Bit Server VM (25.101-b13) for windows-amd64 JRE (1.8.0_101-b13), built on Jun 22 2016 01:21:29 by "java_re" with MS VC++ 10.0 (VS2010)

time: Wed Sep 14 13:09:34 2016
elapsed time: 0 seconds (0d 0h 0m 0s)

